#
# There is insufficient memory for the Java Runtime Environment to continue.
# Native memory allocation (mmap) failed to map 264241152 bytes. Error detail: G1 virtual space
# Possible reasons:
#   The system is out of physical RAM or swap space
#   This process is running with CompressedOops enabled, and the Java Heap may be blocking the growth of the native heap
# Possible solutions:
#   Reduce memory load on the system
#   Increase physical memory or swap space
#   Check if swap backing store is full
#   Decrease Java heap size (-Xmx/-Xms)
#   Decrease number of Java threads
#   Decrease Java thread stack sizes (-Xss)
#   Set larger code cache with -XX:ReservedCodeCacheSize=
#   JVM is running with Zero Based Compressed Oops mode in which the Java heap is
#     placed in the first 32GB address space. The Java Heap base address is the
#     maximum limit for the native heap growth. Please use -XX:HeapBaseMinAddress
#     to set the Java Heap base and to place the Java Heap above 32GB virtual address.
# This output file may be truncated or incomplete.
#
#  Out of Memory Error (os_windows.cpp:3825), pid=81284, tid=51872
#
# JRE version:  (17.0.12+1) (build )
# Java VM: OpenJDK 64-Bit Server VM (17.0.12+1-b1087.25, mixed mode, sharing, tiered, compressed oops, compressed class ptrs, g1 gc, windows-amd64)
# No core dump will be written. Minidumps are not enabled by default on client versions of Windows
#

---------------  S U M M A R Y ------------

Command Line: -javaagent:C:\Program Files\JetBrains\IntelliJ IDEA 2024.2.1\lib\idea_rt.jar=53380:C:\Program Files\JetBrains\IntelliJ IDEA 2024.2.1\bin -Dfile.encoding=UTF-8 --module-path=C:\Users\asus\.m2\repository\org\openjfx\javafx-base\17.0.6\javafx-base-17.0.6-win.jar;C:\Users\asus\.m2\repository\org\openjfx\javafx-controls\17.0.6\javafx-controls-17.0.6-win.jar;C:\Users\asus\.m2\repository\org\openjfx\javafx-fxml\17.0.6\javafx-fxml-17.0.6-win.jar;C:\Users\asus\IdeaProjects\event\target\classes;C:\Users\asus\.m2\repository\org\openjfx\javafx-graphics\17.0.6\javafx-graphics-17.0.6-win.jar -Djdk.module.main=tn.esprit.event tn.esprit.event/tn.esprit.event.MainFX

Host: 11th Gen Intel(R) Core(TM) i5-11300H @ 3.10GHz, 8 cores, 15G,  Windows 11 , 64 bit Build 22621 (10.0.22621.4391)
Time: Tue Feb 25 11:24:14 2025 Afr. centrale Ouest elapsed time: 0.056434 seconds (0d 0h 0m 0s)

---------------  T H R E A D  ---------------

Current thread (0x000001d85d75f330):  JavaThread "Unknown thread" [_thread_in_vm, id=51872, stack(0x0000001b6e500000,0x0000001b6e600000)]

Stack: [0x0000001b6e500000,0x0000001b6e600000]
Native frames: (J=compiled Java code, j=interpreted, Vv=VM code, C=native code)
V  [jvm.dll+0x688dd9]  os::platform_print_native_stack+0xd9  (os_windows_x86.cpp:235)
V  [jvm.dll+0x842eaa]  VMError::report+0xc6a  (vmError.cpp:855)
V  [jvm.dll+0x844aee]  VMError::report_and_die+0x78e  (vmError.cpp:1749)
V  [jvm.dll+0x845153]  VMError::report_and_die+0x43  (vmError.cpp:1535)
V  [jvm.dll+0x24ba3f]  report_vm_out_of_memory+0x8f  (debug.cpp:321)
V  [jvm.dll+0x685ba9]  os::pd_commit_memory_or_exit+0xc9  (os_windows.cpp:3833)
V  [jvm.dll+0x67a45a]  os::commit_memory_or_exit+0x2a  (os.cpp:1732)
V  [jvm.dll+0x30c60b]  G1PageBasedVirtualSpace::commit+0x19b  (g1PageBasedVirtualSpace.cpp:204)
V  [jvm.dll+0x313ab6]  G1RegionsLargerThanCommitSizeMapper::commit_regions+0x96  (g1RegionToSpaceMapper.cpp:100)
V  [jvm.dll+0x363c6e]  HeapRegionManager::expand_any+0xee  (heapRegionManager.cpp:363)
V  [jvm.dll+0x363e9f]  HeapRegionManager::expand_by+0x7f  (heapRegionManager.cpp:380)
V  [jvm.dll+0x2e2658]  G1CollectedHeap::expand+0xb8  (g1CollectedHeap.cpp:1292)
V  [jvm.dll+0x2e3594]  G1CollectedHeap::initialize+0x664  (g1CollectedHeap.cpp:1713)
V  [jvm.dll+0x813b31]  universe_init+0xb1  (universe.cpp:736)
V  [jvm.dll+0x3719c1]  init_globals+0x31  (init.cpp:124)
V  [jvm.dll+0x7f2626]  Threads::create_vm+0x5d6  (thread.cpp:2909)
V  [jvm.dll+0x3f563f]  JNI_CreateJavaVM_inner+0x8f  (jni.cpp:3640)
V  [jvm.dll+0x3f7191]  JNI_CreateJavaVM+0x11  (jni.cpp:3732)
C  [jli.dll+0x528f]  JavaMain+0x113  (java.c:413)
C  [ucrtbase.dll+0x29333]
C  [KERNEL32.DLL+0x1259d]
C  [ntdll.dll+0x5af38]


---------------  P R O C E S S  ---------------

Threads class SMR info:
_java_thread_list=0x00007ffba6d40f58, length=0, elements={
}

Java Threads: ( => current thread )

Other Threads:
  0x000001d85d7ca640 GCTaskThread "GC Thread#0" [stack: 0x0000001b6e600000,0x0000001b6e700000] [id=64248]
  0x000001d85d7dc0e0 ConcurrentGCThread "G1 Main Marker" [stack: 0x0000001b6e700000,0x0000001b6e800000] [id=61608]
  0x000001d85d7dd2a0 ConcurrentGCThread "G1 Conc#0" [stack: 0x0000001b6e800000,0x0000001b6e900000] [id=31960]

[error occurred during error reporting (printing all threads), id 0xc0000005, EXCEPTION_ACCESS_VIOLATION (0xc0000005) at pc=0x00007ffba64f31c7]

VM state: not at safepoint (not fully initialized)

VM Mutex/Monitor currently owned by a thread:  ([mutex/lock_event])
[0x000001d85d75a170] Heap_lock - owner thread: 0x000001d85d75f330

Heap address: 0x0000000704c00000, size: 4020 MB, Compressed Oops mode: Zero based, Oop shift amount: 3

CDS archive(s) mapped at: [0x0000000000000000-0x0000000000000000-0x0000000000000000), size 0, SharedBaseAddress: 0x0000000800000000, ArchiveRelocationMode: 1.
Narrow klass base: 0x0000000000000000, Narrow klass shift: 0, Narrow klass range: 0x0

GC Precious Log:
<Empty>

Heap:
 garbage-first heap   total 0K, used 0K [0x0000000704c00000, 0x0000000800000000)
  region size 2048K, 0 young (0K), 0 survivors (0K)
 Metaspace       used 0K, committed 0K, reserved 0K
  class space    used 0K, committed 0K, reserved 0K

Heap Regions: E=young(eden), S=young(survivor), O=old, HS=humongous(starts), HC=humongous(continues), CS=collection set, F=free, OA=open archive, CA=closed archive, TAMS=top-at-mark-start (previous, next)

Card table byte_map: [0x000001d870a40000,0x000001d871220000] _byte_map_base: 0x000001d86d21a000

Marking Bits (Prev, Next): (CMBitMap*) 0x000001d85d7cac60, (CMBitMap*) 0x000001d85d7caca0
 Prev Bits: [0x000001d871a00000, 0x000001d8758d0000)
 Next Bits: [0x000001d8758d0000, 0x000001d8797a0000)

GC Heap History (0 events):
No events

Dll operation events (1 events):
Event: 0.052 Loaded shared library C:\Users\asus\.jdks\jbr-17.0.12\bin\java.dll

Deoptimization events (0 events):
No events

Classes unloaded (0 events):
No events

Classes redefined (0 events):
No events

Internal exceptions (0 events):
No events

VM Operations (0 events):
No events

Events (0 events):
No events


Dynamic libraries:
0x00007ff79e190000 - 0x00007ff79e19a000 	C:\Users\asus\.jdks\jbr-17.0.12\bin\java.exe
0x00007ffc16eb0000 - 0x00007ffc170c7000 	C:\WINDOWS\SYSTEM32\ntdll.dll
0x00007ffc15a70000 - 0x00007ffc15b34000 	C:\WINDOWS\System32\KERNEL32.DLL
0x00007ffc144f0000 - 0x00007ffc148aa000 	C:\WINDOWS\System32\KERNELBASE.dll
0x00007ffc14260000 - 0x00007ffc14371000 	C:\WINDOWS\System32\ucrtbase.dll
0x00007ffc10f00000 - 0x00007ffc10f17000 	C:\Users\asus\.jdks\jbr-17.0.12\bin\jli.dll
0x00007ffc15140000 - 0x00007ffc152ee000 	C:\WINDOWS\System32\USER32.dll
0x00007ffc149f0000 - 0x00007ffc14a16000 	C:\WINDOWS\System32\win32u.dll
0x00007ffc10ee0000 - 0x00007ffc10efb000 	C:\Users\asus\.jdks\jbr-17.0.12\bin\VCRUNTIME140.dll
0x00007ffc16ca0000 - 0x00007ffc16cc9000 	C:\WINDOWS\System32\GDI32.dll
0x00007ffc14a50000 - 0x00007ffc14b6b000 	C:\WINDOWS\System32\gdi32full.dll
0x00007ffbf6020000 - 0x00007ffbf62b2000 	C:\WINDOWS\WinSxS\amd64_microsoft.windows.common-controls_6595b64144ccf1df_6.0.22621.4541_none_2710d1c57384c085\COMCTL32.dll
0x00007ffc14140000 - 0x00007ffc141da000 	C:\WINDOWS\System32\msvcp_win.dll
0x00007ffc165a0000 - 0x00007ffc16647000 	C:\WINDOWS\System32\msvcrt.dll
0x00007ffc166c0000 - 0x00007ffc166f1000 	C:\WINDOWS\System32\IMM32.DLL
0x00007ffc11430000 - 0x00007ffc1143c000 	C:\Users\asus\.jdks\jbr-17.0.12\bin\vcruntime140_1.dll
0x00007ffc0fb20000 - 0x00007ffc0fbad000 	C:\Users\asus\.jdks\jbr-17.0.12\bin\msvcp140.dll
0x00007ffba6200000 - 0x00007ffba6e85000 	C:\Users\asus\.jdks\jbr-17.0.12\bin\server\jvm.dll
0x00007ffc15810000 - 0x00007ffc158c2000 	C:\WINDOWS\System32\ADVAPI32.dll
0x00007ffc167e0000 - 0x00007ffc16887000 	C:\WINDOWS\System32\sechost.dll
0x00007ffc14a20000 - 0x00007ffc14a48000 	C:\WINDOWS\System32\bcrypt.dll
0x00007ffc158d0000 - 0x00007ffc159e4000 	C:\WINDOWS\System32\RPCRT4.dll
0x00007ffc12fd0000 - 0x00007ffc1301d000 	C:\WINDOWS\SYSTEM32\POWRPROF.dll
0x00007ffbf3f90000 - 0x00007ffbf3f99000 	C:\WINDOWS\SYSTEM32\WSOCK32.dll
0x00007ffc16a70000 - 0x00007ffc16ae1000 	C:\WINDOWS\System32\WS2_32.dll
0x00007ffc06f40000 - 0x00007ffc06f74000 	C:\WINDOWS\SYSTEM32\WINMM.dll
0x00007ffc0c200000 - 0x00007ffc0c20a000 	C:\WINDOWS\SYSTEM32\VERSION.dll
0x00007ffc12fb0000 - 0x00007ffc12fc3000 	C:\WINDOWS\SYSTEM32\UMPDC.dll
0x00007ffc13270000 - 0x00007ffc13288000 	C:\WINDOWS\SYSTEM32\kernel.appcore.dll
0x00007ffc11370000 - 0x00007ffc1137a000 	C:\Users\asus\.jdks\jbr-17.0.12\bin\jimage.dll
0x00007ffc11520000 - 0x00007ffc11752000 	C:\WINDOWS\SYSTEM32\DBGHELP.DLL
0x00007ffc15470000 - 0x00007ffc15801000 	C:\WINDOWS\System32\combase.dll
0x00007ffc16700000 - 0x00007ffc167d7000 	C:\WINDOWS\System32\OLEAUT32.dll
0x00007ffc09970000 - 0x00007ffc099a2000 	C:\WINDOWS\SYSTEM32\dbgcore.DLL
0x00007ffc141e0000 - 0x00007ffc1425b000 	C:\WINDOWS\System32\bcryptPrimitives.dll
0x00007ffc11230000 - 0x00007ffc1123e000 	C:\Users\asus\.jdks\jbr-17.0.12\bin\instrument.dll
0x00007ffc10ea0000 - 0x00007ffc10ec5000 	C:\Users\asus\.jdks\jbr-17.0.12\bin\java.dll

dbghelp: loaded successfully - version: 4.0.5 - missing functions: none
symbol engine: initialized successfully - sym options: 0x614 - pdb path: .;C:\Users\asus\.jdks\jbr-17.0.12\bin;C:\WINDOWS\SYSTEM32;C:\WINDOWS\WinSxS\amd64_microsoft.windows.common-controls_6595b64144ccf1df_6.0.22621.4541_none_2710d1c57384c085;C:\Users\asus\.jdks\jbr-17.0.12\bin\server

VM Arguments:
jvm_args: -javaagent:C:\Program Files\JetBrains\IntelliJ IDEA 2024.2.1\lib\idea_rt.jar=53380:C:\Program Files\JetBrains\IntelliJ IDEA 2024.2.1\bin -Dfile.encoding=UTF-8 --module-path=C:\Users\asus\.m2\repository\org\openjfx\javafx-base\17.0.6\javafx-base-17.0.6-win.jar;C:\Users\asus\.m2\repository\org\openjfx\javafx-controls\17.0.6\javafx-controls-17.0.6-win.jar;C:\Users\asus\.m2\repository\org\openjfx\javafx-fxml\17.0.6\javafx-fxml-17.0.6-win.jar;C:\Users\asus\IdeaProjects\event\target\classes;C:\Users\asus\.m2\repository\org\openjfx\javafx-graphics\17.0.6\javafx-graphics-17.0.6-win.jar -Djdk.module.main=tn.esprit.event 
java_command: tn.esprit.event/tn.esprit.event.MainFX
java_class_path (initial): C:\Users\asus\.m2\repository\org\openjfx\javafx-controls\17.0.6\javafx-controls-17.0.6.jar;C:\Users\asus\.m2\repository\org\openjfx\javafx-graphics\17.0.6\javafx-graphics-17.0.6.jar;C:\Users\asus\.m2\repository\org\openjfx\javafx-base\17.0.6\javafx-base-17.0.6.jar;C:\Users\asus\.m2\repository\org\openjfx\javafx-fxml\17.0.6\javafx-fxml-17.0.6.jar;C:\Users\asus\.m2\repository\com\mysql\mysql-connector-j\8.0.33\mysql-connector-j-8.0.33.jar;C:\Users\asus\.m2\repository\com\google\protobuf\protobuf-java\3.21.9\protobuf-java-3.21.9.jar
Launcher Type: SUN_STANDARD

[Global flags]
     intx CICompilerCount                          = 4                                         {product} {ergonomic}
     uint ConcGCThreads                            = 2                                         {product} {ergonomic}
     uint G1ConcRefinementThreads                  = 8                                         {product} {ergonomic}
   size_t G1HeapRegionSize                         = 2097152                                   {product} {ergonomic}
    uintx GCDrainStackTargetSize                   = 64                                        {product} {ergonomic}
   size_t InitialHeapSize                          = 264241152                                 {product} {ergonomic}
   size_t MarkStackSize                            = 4194304                                   {product} {ergonomic}
   size_t MaxHeapSize                              = 4215275520                                {product} {ergonomic}
   size_t MinHeapDeltaBytes                        = 2097152                                   {product} {ergonomic}
   size_t MinHeapSize                              = 8388608                                   {product} {ergonomic}
    uintx NonNMethodCodeHeapSize                   = 5839372                                {pd product} {ergonomic}
    uintx NonProfiledCodeHeapSize                  = 122909434                              {pd product} {ergonomic}
    uintx ProfiledCodeHeapSize                     = 122909434                              {pd product} {ergonomic}
    uintx ReservedCodeCacheSize                    = 251658240                              {pd product} {ergonomic}
     bool SegmentedCodeCache                       = true                                      {product} {ergonomic}
   size_t SoftMaxHeapSize                          = 4215275520                             {manageable} {ergonomic}
     bool UseCompressedClassPointers               = true                           {product lp64_product} {ergonomic}
     bool UseCompressedOops                        = true                           {product lp64_product} {ergonomic}
     bool UseG1GC                                  = true                                      {product} {ergonomic}
     bool UseLargePagesIndividualAllocation        = false                                  {pd product} {ergonomic}

Logging:
Log output configuration:
 #0: stdout all=warning uptime,level,tags
 #1: stderr all=off uptime,level,tags

Environment Variables:
PATH=C:\Program Files\JetBrains\IntelliJ IDEA 2024.2.1\bin;C:\Program Files\Java\jdk1.8.0_211\bin;C:\Program Files (x86)\Common Files\Oracle\Java\javapath;C:\oraclexe\app\oracle\product\11.2.0\server\bin;C:\Program Files (x86)\NVIDIA Corporation\PhysX\Common;C:\Program Files (x86)\Razer Chroma SDK\bin;C:\Program Files\Razer Chroma SDK\bin;C:\Program Files (x86)\Razer\ChromaBroadcast\bin;C:\Program Files\Razer\ChromaBroadcast\bin;C:\WINDOWS\system32;C:\WINDOWS;C:\WINDOWS\System32\Wbem;C:\WINDOWS\System32\WindowsPowerShell\v1.0\;C:\WINDOWS\System32\OpenSSH\;C:\WINDOWS\system32\config\systemprofile\AppData\Local\Microsoft\WindowsApps;C:\WINDOWS\system32;C:\WINDOWS;C:\WINDOWS\System32\Wbem;C:\WINDOWS\System32\WindowsPowerShell\v1.0\;C:\WINDOWS\System32\OpenSSH\;C:\Program Files (x86)\dotnet\;C:\Program Files\dotnet\;C:\Strawberry\c\bin;C:\Strawberry\perl\site\bin;C:\Strawberry\perl\bin;D:\Git\cmd;C:\xampp\php;C:\ProgramData\ComposerSetup\bin;C:\Users\asus\scoop\shims;C:\Users\asus\AppData\Local\Microsoft\WindowsApps;;C:\Users\asus\AppData\Local\Programs\Microsoft VS Code\bin;C:\Users\asus\AppData\Roaming\Composer\vendor\bin
USERNAME=asus
OS=Windows_NT
PROCESSOR_IDENTIFIER=Intel64 Family 6 Model 140 Stepping 1, GenuineIntel
TMP=C:\Users\asus\AppData\Local\Temp
TEMP=C:\Users\asus\AppData\Local\Temp



Periodic native trim disabled

JNI global refs:
JNI global refs: 0, weak refs: 0

JNI global refs memory usage: 0, weak refs: 0

OOME stack traces (most recent first):
Classloader memory used:


---------------  S Y S T E M  ---------------

OS:
 Windows 11 , 64 bit Build 22621 (10.0.22621.4391)
OS uptime: 29 days 8:15 hours

CPU: total 8 (initial active 8) (4 cores per cpu, 2 threads per core) family 6 model 140 stepping 1 microcode 0x86, cx8, cmov, fxsr, ht, mmx, 3dnowpref, sse, sse2, sse3, ssse3, sse4.1, sse4.2, popcnt, lzcnt, tsc, tscinvbit, avx, avx2, aes, erms, clmul, bmi1, bmi2, adx, avx512f, avx512dq, avx512cd, avx512bw, avx512vl, sha, fma, vzeroupper, avx512_vpopcntdq, avx512_vpclmulqdq, avx512_vaes, avx512_vnni, clflush, clflushopt, clwb, avx512_vbmi2, avx512_vbmi
Processor Information for all 8 processors :
  Max Mhz: 3110, Current Mhz: 3110, Mhz Limit: 3110

Memory: 4k page, system-wide physical 16073M (1715M free)
TotalPageFile size 28960M (AvailPageFile size 210M)
current process WorkingSet (physical memory assigned to process): 45M, peak: 45M
current process commit charge ("private bytes"): 93M, peak: 312M

vm_info: OpenJDK 64-Bit Server VM (17.0.12+1-b1087.25) for windows-amd64 JRE (17.0.12+1-b1087.25), built on 2024-08-30 by "builduser" with MS VC++ 16.10 / 16.11 (VS2019)

END.
